<?xml version="1.0" encoding="UTF-8"?>
<!-- Generated by org.testng.reporters.JUnitReportReporter -->
<testsuite hostname="EZITWK040" name="IV_V_JS.JS_execute_AsyncScript" tests="1" failures="0" timestamp="9 Nov 2018 03:35:11 GMT" time="12.444" errors="0">
  <testcase name="Login" time="12.444" classname="IV_V_JS.JS_execute_AsyncScript"/>
</testsuite> <!-- IV_V_JS.JS_execute_AsyncScript -->
