<?xml version="1.0" encoding="UTF-8"?>
<!-- Generated by org.testng.reporters.JUnitReportReporter -->
<testsuite hostname="EZITWK040" name="exercise.IV_III_Handling_AJAX" tests="1" failures="0" timestamp="9 Nov 2018 02:46:19 GMT" time="1.234" errors="0">
  <testcase name="test_AjaxExample" time="1.234" classname="exercise.IV_III_Handling_AJAX"/>
</testsuite> <!-- exercise.IV_III_Handling_AJAX -->
